<?xml version="1.0" encoding="UTF-8"?>
<coverage generated="1582694107016" clover="3.2.0">
  <project timestamp="1582694107017" name="All files">
    <metrics statements="35" coveredstatements="33" conditionals="8" coveredconditionals="6" methods="9" coveredmethods="9" elements="52" coveredelements="48" complexity="0" loc="35" ncloc="35" packages="3" files="8" classes="8"/>
    <package name="appContainer">
      <metrics statements="11" coveredstatements="11" conditionals="0" coveredconditionals="0" methods="4" coveredmethods="4"/>
      <file name="AppContainer.component.js" path="/Users/may/code/exploring-hooks/src/components/appContainer/AppContainer.component.js">
        <metrics statements="10" coveredstatements="10" conditionals="0" coveredconditionals="0" methods="4" coveredmethods="4"/>
        <line num="8" count="5" type="stmt"/>
        <line num="15" count="5" type="stmt"/>
        <line num="16" count="1" type="stmt"/>
        <line num="17" count="1" type="stmt"/>
        <line num="20" count="5" type="stmt"/>
        <line num="21" count="1" type="stmt"/>
        <line num="22" count="1" type="stmt"/>
        <line num="23" count="1" type="stmt"/>
        <line num="26" count="5" type="stmt"/>
        <line num="30" count="20" type="stmt"/>
      </file>
      <file name="AppContainer.style.js" path="/Users/may/code/exploring-hooks/src/components/appContainer/AppContainer.style.js">
        <metrics statements="1" coveredstatements="1" conditionals="0" coveredconditionals="0" methods="0" coveredmethods="0"/>
        <line num="4" count="1" type="stmt"/>
      </file>
    </package>
    <package name="formAndSubmitButton">
      <metrics statements="20" coveredstatements="18" conditionals="8" coveredconditionals="6" methods="3" coveredmethods="3"/>
      <file name="FormAndSubmitButton.component.js" path="/Users/may/code/exploring-hooks/src/components/formAndSubmitButton/FormAndSubmitButton.component.js">
        <metrics statements="15" coveredstatements="13" conditionals="8" coveredconditionals="6" methods="3" coveredmethods="3"/>
        <line num="7" count="11" type="stmt"/>
        <line num="9" count="11" type="stmt"/>
        <line num="10" count="11" type="stmt"/>
        <line num="11" count="3" type="stmt"/>
        <line num="12" count="3" type="cond" truecount="4" falsecount="0"/>
        <line num="13" count="2" type="stmt"/>
        <line num="14" count="1" type="cond" truecount="1" falsecount="1"/>
        <line num="15" count="0" type="stmt"/>
        <line num="16" count="1" type="cond" truecount="1" falsecount="1"/>
        <line num="17" count="0" type="stmt"/>
        <line num="19" count="1" type="stmt"/>
        <line num="21" count="1" type="stmt"/>
        <line num="24" count="11" type="stmt"/>
        <line num="33" count="2" type="stmt"/>
        <line num="46" count="2" type="stmt"/>
      </file>
      <file name="FormAndSubmitButton.style.js" path="/Users/may/code/exploring-hooks/src/components/formAndSubmitButton/FormAndSubmitButton.style.js">
        <metrics statements="5" coveredstatements="5" conditionals="0" coveredconditionals="0" methods="0" coveredmethods="0"/>
        <line num="4" count="2" type="stmt"/>
        <line num="9" count="2" type="stmt"/>
        <line num="15" count="2" type="stmt"/>
        <line num="30" count="2" type="stmt"/>
        <line num="38" count="2" type="stmt"/>
      </file>
      <file name="index.js" path="/Users/may/code/exploring-hooks/src/components/formAndSubmitButton/index.js">
        <metrics statements="0" coveredstatements="0" conditionals="0" coveredconditionals="0" methods="0" coveredmethods="0"/>
      </file>
    </package>
    <package name="todoItem">
      <metrics statements="4" coveredstatements="4" conditionals="0" coveredconditionals="0" methods="2" coveredmethods="2"/>
      <file name="TodoItem.component.js" path="/Users/may/code/exploring-hooks/src/components/todoItem/TodoItem.component.js">
        <metrics statements="1" coveredstatements="1" conditionals="0" coveredconditionals="0" methods="2" coveredmethods="2"/>
        <line num="5" count="23" type="stmt"/>
      </file>
      <file name="TodoItem.style.js" path="/Users/may/code/exploring-hooks/src/components/todoItem/TodoItem.style.js">
        <metrics statements="3" coveredstatements="3" conditionals="0" coveredconditionals="0" methods="0" coveredmethods="0"/>
        <line num="4" count="2" type="stmt"/>
        <line num="15" count="2" type="stmt"/>
        <line num="28" count="2" type="stmt"/>
      </file>
      <file name="index.js" path="/Users/may/code/exploring-hooks/src/components/todoItem/index.js">
        <metrics statements="0" coveredstatements="0" conditionals="0" coveredconditionals="0" methods="0" coveredmethods="0"/>
      </file>
    </package>
  </project>
</coverage>
