{"/Users/may/code/exploring-hooks/src/components/appContainer/AppContainer.component.js": {"path":"/Users/may/code/exploring-hooks/src/components/appContainer/AppContainer.component.js","statementMap":{"0":{"start":{"line":8,"column":28},"end":{"line":13,"column":4}},"1":{"start":{"line":15,"column":18},"end":{"line":18,"column":3}},"2":{"start":{"line":16,"column":21},"end":{"line":16,"column":47}},"3":{"start":{"line":17,"column":4},"end":{"line":17,"column":22}},"4":{"start":{"line":20,"column":27},"end":{"line":24,"column":3}},"5":{"start":{"line":21,"column":21},"end":{"line":21,"column":31}},"6":{"start":{"line":22,"column":4},"end":{"line":22,"column":29}},"7":{"start":{"line":23,"column":4},"end":{"line":23,"column":22}},"8":{"start":{"line":26,"column":2},"end":{"line":38,"column":3}},"9":{"start":{"line":30,"column":8},"end":{"line":35,"column":10}}},"fnMap":{"0":{"name":"AppContainer","decl":{"start":{"line":6,"column":16},"end":{"line":6,"column":28}},"loc":{"start":{"line":6,"column":31},"end":{"line":39,"column":1}},"line":6},"1":{"name":"(anonymous_1)","decl":{"start":{"line":15,"column":18},"end":{"line":15,"column":19}},"loc":{"start":{"line":15,"column":26},"end":{"line":18,"column":3}},"line":15},"2":{"name":"(anonymous_2)","decl":{"start":{"line":20,"column":27},"end":{"line":20,"column":28}},"loc":{"start":{"line":20,"column":36},"end":{"line":24,"column":3}},"line":20},"3":{"name":"(anonymous_3)","decl":{"start":{"line":29,"column":17},"end":{"line":29,"column":18}},"loc":{"start":{"line":30,"column":8},"end":{"line":35,"column":10}},"line":30}},"branchMap":{},"s":{"0":5,"1":5,"2":1,"3":1,"4":5,"5":1,"6":1,"7":1,"8":5,"9":20},"f":{"0":5,"1":1,"2":1,"3":20},"b":{},"_coverageSchema":"43e27e138ebf9cfc5966b082cf9a028302ed4184","hash":"b5cc3825342ad843796b22b437230584163c5a4e"}
,"/Users/may/code/exploring-hooks/src/components/appContainer/AppContainer.style.js": {"path":"/Users/may/code/exploring-hooks/src/components/appContainer/AppContainer.style.js","statementMap":{"0":{"start":{"line":4,"column":29},"end":{"line":10,"column":1}}},"fnMap":{},"branchMap":{},"s":{"0":1},"f":{},"b":{},"_coverageSchema":"43e27e138ebf9cfc5966b082cf9a028302ed4184","hash":"5af753a8467731dc70028a1e7b757cab40e53ca8"}
,"/Users/may/code/exploring-hooks/src/components/formAndSubmitButton/FormAndSubmitButton.component.js": {"path":"/Users/may/code/exploring-hooks/src/components/formAndSubmitButton/FormAndSubmitButton.component.js","statementMap":{"0":{"start":{"line":7,"column":28},"end":{"line":7,"column":40}},"1":{"start":{"line":9,"column":21},"end":{"line":9,"column":46}},"2":{"start":{"line":10,"column":23},"end":{"line":23,"column":3}},"3":{"start":{"line":11,"column":4},"end":{"line":11,"column":22}},"4":{"start":{"line":12,"column":4},"end":{"line":22,"column":5}},"5":{"start":{"line":13,"column":6},"end":{"line":13,"column":47}},"6":{"start":{"line":14,"column":11},"end":{"line":22,"column":5}},"7":{"start":{"line":15,"column":6},"end":{"line":15,"column":70}},"8":{"start":{"line":16,"column":11},"end":{"line":22,"column":5}},"9":{"start":{"line":17,"column":6},"end":{"line":17,"column":44}},"10":{"start":{"line":19,"column":6},"end":{"line":19,"column":20}},"11":{"start":{"line":21,"column":6},"end":{"line":21,"column":18}},"12":{"start":{"line":24,"column":2},"end":{"line":43,"column":3}},"13":{"start":{"line":33,"column":27},"end":{"line":33,"column":51}},"14":{"start":{"line":46,"column":0},"end":{"line":48,"column":1}}},"fnMap":{"0":{"name":"FormAndSubmitButton","decl":{"start":{"line":6,"column":16},"end":{"line":6,"column":35}},"loc":{"start":{"line":6,"column":49},"end":{"line":44,"column":1}},"line":6},"1":{"name":"(anonymous_1)","decl":{"start":{"line":10,"column":23},"end":{"line":10,"column":24}},"loc":{"start":{"line":10,"column":28},"end":{"line":23,"column":3}},"line":10},"2":{"name":"(anonymous_2)","decl":{"start":{"line":33,"column":22},"end":{"line":33,"column":23}},"loc":{"start":{"line":33,"column":27},"end":{"line":33,"column":51}},"line":33}},"branchMap":{"0":{"loc":{"start":{"line":12,"column":4},"end":{"line":22,"column":5}},"type":"if","locations":[{"start":{"line":12,"column":4},"end":{"line":22,"column":5}},{"start":{"line":12,"column":4},"end":{"line":22,"column":5}}],"line":12},"1":{"loc":{"start":{"line":12,"column":8},"end":{"line":12,"column":30}},"type":"binary-expr","locations":[{"start":{"line":12,"column":8},"end":{"line":12,"column":14}},{"start":{"line":12,"column":18},"end":{"line":12,"column":30}}],"line":12},"2":{"loc":{"start":{"line":14,"column":11},"end":{"line":22,"column":5}},"type":"if","locations":[{"start":{"line":14,"column":11},"end":{"line":22,"column":5}},{"start":{"line":14,"column":11},"end":{"line":22,"column":5}}],"line":14},"3":{"loc":{"start":{"line":16,"column":11},"end":{"line":22,"column":5}},"type":"if","locations":[{"start":{"line":16,"column":11},"end":{"line":22,"column":5}},{"start":{"line":16,"column":11},"end":{"line":22,"column":5}}],"line":16}},"s":{"0":13,"1":13,"2":13,"3":6,"4":6,"5":3,"6":3,"7":1,"8":2,"9":1,"10":1,"11":1,"12":13,"13":4,"14":2},"f":{"0":13,"1":6,"2":4},"b":{"0":[3,3],"1":[6,3],"2":[1,2],"3":[1,1]},"_coverageSchema":"43e27e138ebf9cfc5966b082cf9a028302ed4184","hash":"e33a1d9514f50ed67acf0b02cf470ffad8e6f1fd"}
,"/Users/may/code/exploring-hooks/src/components/formAndSubmitButton/FormAndSubmitButton.style.js": {"path":"/Users/may/code/exploring-hooks/src/components/formAndSubmitButton/FormAndSubmitButton.style.js","statementMap":{"0":{"start":{"line":4,"column":22},"end":{"line":8,"column":1}},"1":{"start":{"line":9,"column":21},"end":{"line":13,"column":1}},"2":{"start":{"line":15,"column":22},"end":{"line":28,"column":1}},"3":{"start":{"line":30,"column":20},"end":{"line":36,"column":1}},"4":{"start":{"line":38,"column":21},"end":{"line":45,"column":1}}},"fnMap":{},"branchMap":{},"s":{"0":2,"1":2,"2":2,"3":2,"4":2},"f":{},"b":{},"_coverageSchema":"43e27e138ebf9cfc5966b082cf9a028302ed4184","hash":"ef947acd78bd43057f1a80033c2d6973b7abecbc"}
,"/Users/may/code/exploring-hooks/src/components/formAndSubmitButton/index.js": {"path":"/Users/may/code/exploring-hooks/src/components/formAndSubmitButton/index.js","statementMap":{},"fnMap":{},"branchMap":{},"s":{},"f":{},"b":{},"_coverageSchema":"43e27e138ebf9cfc5966b082cf9a028302ed4184","hash":"cf29c26ba6d2e6dfe41716b10f0524909452fbab"}
,"/Users/may/code/exploring-hooks/src/components/todoItem/TodoItem.component.js": {"path":"/Users/may/code/exploring-hooks/src/components/todoItem/TodoItem.component.js","statementMap":{"0":{"start":{"line":5,"column":2},"end":{"line":12,"column":3}},"1":{"start":{"line":8,"column":35},"end":{"line":8,"column":58}}},"fnMap":{"0":{"name":"TodoItem","decl":{"start":{"line":4,"column":16},"end":{"line":4,"column":24}},"loc":{"start":{"line":4,"column":60},"end":{"line":13,"column":1}},"line":4},"1":{"name":"(anonymous_1)","decl":{"start":{"line":8,"column":29},"end":{"line":8,"column":30}},"loc":{"start":{"line":8,"column":35},"end":{"line":8,"column":58}},"line":8}},"branchMap":{},"s":{"0":23,"1":2},"f":{"0":23,"1":2},"b":{},"_coverageSchema":"43e27e138ebf9cfc5966b082cf9a028302ed4184","hash":"42acc5fd1cf166b1102edef0e8d502f49d0636e9"}
,"/Users/may/code/exploring-hooks/src/components/todoItem/TodoItem.style.js": {"path":"/Users/may/code/exploring-hooks/src/components/todoItem/TodoItem.style.js","statementMap":{"0":{"start":{"line":4,"column":20},"end":{"line":13,"column":1}},"1":{"start":{"line":15,"column":28},"end":{"line":26,"column":1}},"2":{"start":{"line":28,"column":29},"end":{"line":55,"column":1}}},"fnMap":{},"branchMap":{},"s":{"0":2,"1":2,"2":2},"f":{},"b":{},"_coverageSchema":"43e27e138ebf9cfc5966b082cf9a028302ed4184","hash":"78131fc69a78322b7ca9178111959243bdc81094"}
,"/Users/may/code/exploring-hooks/src/components/todoItem/index.js": {"path":"/Users/may/code/exploring-hooks/src/components/todoItem/index.js","statementMap":{},"fnMap":{},"branchMap":{},"s":{},"f":{},"b":{},"_coverageSchema":"43e27e138ebf9cfc5966b082cf9a028302ed4184","hash":"f24c92990a465420b6bb6360915ef44000e56f9d"}
}
