TN:
SF:/Users/may/code/exploring-hooks/src/components/appContainer/AppContainer.component.js
FN:6,AppContainer
FN:15,(anonymous_1)
FN:20,(anonymous_2)
FN:29,(anonymous_3)
FNF:4
FNH:4
FNDA:5,AppContainer
FNDA:1,(anonymous_1)
FNDA:1,(anonymous_2)
FNDA:20,(anonymous_3)
DA:8,5
DA:15,5
DA:16,1
DA:17,1
DA:20,5
DA:21,1
DA:22,1
DA:23,1
DA:26,5
DA:30,20
LF:10
LH:10
BRF:0
BRH:0
end_of_record
TN:
SF:/Users/may/code/exploring-hooks/src/components/appContainer/AppContainer.style.js
FNF:0
FNH:0
DA:4,1
LF:1
LH:1
BRF:0
BRH:0
end_of_record
TN:
SF:/Users/may/code/exploring-hooks/src/components/formAndSubmitButton/FormAndSubmitButton.component.js
FN:6,FormAndSubmitButton
FN:10,(anonymous_1)
FN:33,(anonymous_2)
FNF:3
FNH:3
FNDA:11,FormAndSubmitButton
FNDA:3,(anonymous_1)
FNDA:2,(anonymous_2)
DA:7,11
DA:9,11
DA:10,11
DA:11,3
DA:12,3
DA:13,2
DA:14,1
DA:15,0
DA:16,1
DA:17,0
DA:19,1
DA:21,1
DA:24,11
DA:33,2
DA:46,2
LF:15
LH:13
BRDA:12,0,0,2
BRDA:12,0,1,1
BRDA:12,1,0,3
BRDA:12,1,1,1
BRDA:14,2,0,0
BRDA:14,2,1,1
BRDA:16,3,0,0
BRDA:16,3,1,1
BRF:8
BRH:6
end_of_record
TN:
SF:/Users/may/code/exploring-hooks/src/components/formAndSubmitButton/FormAndSubmitButton.style.js
FNF:0
FNH:0
DA:4,2
DA:9,2
DA:15,2
DA:30,2
DA:38,2
LF:5
LH:5
BRF:0
BRH:0
end_of_record
TN:
SF:/Users/may/code/exploring-hooks/src/components/formAndSubmitButton/index.js
FNF:0
FNH:0
LF:0
LH:0
BRF:0
BRH:0
end_of_record
TN:
SF:/Users/may/code/exploring-hooks/src/components/todoItem/TodoItem.component.js
FN:4,TodoItem
FN:5,(anonymous_1)
FNF:2
FNH:2
FNDA:23,TodoItem
FNDA:2,(anonymous_1)
DA:5,23
LF:1
LH:1
BRF:0
BRH:0
end_of_record
TN:
SF:/Users/may/code/exploring-hooks/src/components/todoItem/TodoItem.style.js
FNF:0
FNH:0
DA:4,2
DA:15,2
DA:28,2
LF:3
LH:3
BRF:0
BRH:0
end_of_record
TN:
SF:/Users/may/code/exploring-hooks/src/components/todoItem/index.js
FNF:0
FNH:0
LF:0
LH:0
BRF:0
BRH:0
end_of_record
